D:\Project\Mitral\trial-asp\Controllers\MtTaskController.cs
D:\Project\Mitral\trial-asp\Models\MtTask.cs
D:\Project\Mitral\trial-asp\Views\Home\MtTaskList.cshtml
D:\Project\Mitral\trial-asp\Models\MtTaskList.cs
D:\Project\Mitral\trial-asp\Views\Home\MtTaskAdd.cshtml
D:\Project\Mitral\trial-asp\Models\MtTaskAdd.cs
D:\Project\Mitral\trial-asp\Views\Home\MtTaskView.cshtml
D:\Project\Mitral\trial-asp\Models\MtTaskView.cs
D:\Project\Mitral\trial-asp\Views\Home\MtTaskEdit.cshtml
D:\Project\Mitral\trial-asp\Models\MtTaskEdit.cs
D:\Project\Mitral\trial-asp\Views\Home\MtTaskDelete.cshtml
D:\Project\Mitral\trial-asp\Models\MtTaskDelete.cs
D:\Project\Mitral\trial-asp\Controllers\UserLevelsController.cs
D:\Project\Mitral\trial-asp\Models\UserLevels.cs
D:\Project\Mitral\trial-asp\Views\Home\UserLevelsList.cshtml
D:\Project\Mitral\trial-asp\Models\UserLevelsList.cs
D:\Project\Mitral\trial-asp\Views\Home\UserLevelsAdd.cshtml
D:\Project\Mitral\trial-asp\Models\UserLevelsAdd.cs
D:\Project\Mitral\trial-asp\Views\Home\UserLevelsView.cshtml
D:\Project\Mitral\trial-asp\Models\UserLevelsView.cs
D:\Project\Mitral\trial-asp\Views\Home\UserLevelsEdit.cshtml
D:\Project\Mitral\trial-asp\Models\UserLevelsEdit.cs
D:\Project\Mitral\trial-asp\Views\Home\UserLevelsDelete.cshtml
D:\Project\Mitral\trial-asp\Models\UserLevelsDelete.cs
D:\Project\Mitral\trial-asp\Controllers\UserLevelPermissionsController.cs
D:\Project\Mitral\trial-asp\Models\UserLevelPermissions.cs
D:\Project\Mitral\trial-asp\Views\Home\UserLevelPermissionsList.cshtml
D:\Project\Mitral\trial-asp\Models\UserLevelPermissionsList.cs
D:\Project\Mitral\trial-asp\Views\Home\UserLevelPermissionsAdd.cshtml
D:\Project\Mitral\trial-asp\Models\UserLevelPermissionsAdd.cs
D:\Project\Mitral\trial-asp\Views\Home\UserLevelPermissionsView.cshtml
D:\Project\Mitral\trial-asp\Models\UserLevelPermissionsView.cs
D:\Project\Mitral\trial-asp\Views\Home\UserLevelPermissionsEdit.cshtml
D:\Project\Mitral\trial-asp\Models\UserLevelPermissionsEdit.cs
D:\Project\Mitral\trial-asp\Views\Home\UserLevelPermissionsDelete.cshtml
D:\Project\Mitral\trial-asp\Models\UserLevelPermissionsDelete.cs
D:\Project\Mitral\trial-asp\wwwroot\package.json
D:\Project\Mitral\trial-asp\Models\src\AbstractExport.cs
D:\Project\Mitral\trial-asp\Models\src\AbstractExportBase.cs
D:\Project\Mitral\trial-asp\Models\src\AbstractTwoFactorAuthentication.cs
D:\Project\Mitral\trial-asp\Models\src\AdvancedFilter.cs
D:\Project\Mitral\trial-asp\Models\src\AdvancedSearch.cs
D:\Project\Mitral\trial-asp\Models\src\AdvancedSecurity.cs
D:\Project\Mitral\trial-asp\Models\src\AdvancedSecurityBase.cs
D:\Project\Mitral\trial-asp\Models\src\Aes.cs
D:\Project\Mitral\trial-asp\Models\src\ApplicationRole.cs
D:\Project\Mitral\trial-asp\Models\src\ApplicationUser.cs
D:\Project\Mitral\trial-asp\Models\src\AspNetMakerPage.cs
D:\Project\Mitral\trial-asp\Models\src\Attributes.cs
D:\Project\Mitral\trial-asp\Models\src\AuthenticationProvider.cs
D:\Project\Mitral\trial-asp\Models\src\AutofacModule.cs
D:\Project\Mitral\trial-asp\Models\src\BasicSearch.cs
D:\Project\Mitral\trial-asp\Models\src\Breadcrumb.cs
D:\Project\Mitral\trial-asp\Models\src\BreadcrumbLink.cs
D:\Project\Mitral\trial-asp\Models\src\CaptchaBase.cs
D:\Project\Mitral\trial-asp\Models\src\ChartDataComparer.cs
D:\Project\Mitral\trial-asp\Models\src\ChartExporter.cs
D:\Project\Mitral\trial-asp\Models\src\ChartParameter.cs
D:\Project\Mitral\trial-asp\Models\src\ChartTypes.cs
D:\Project\Mitral\trial-asp\Models\src\CrosstabColumn.cs
D:\Project\Mitral\trial-asp\Models\src\CrosstabTable.cs
D:\Project\Mitral\trial-asp\Models\src\CssParser.cs
D:\Project\Mitral\trial-asp\Models\src\CustomMySqlCompiler.cs
D:\Project\Mitral\trial-asp\Models\src\CustomOracleCompiler.cs
D:\Project\Mitral\trial-asp\Models\src\CustomPostgresCompiler.cs
D:\Project\Mitral\trial-asp\Models\src\CustomQueryParameters.cs
D:\Project\Mitral\trial-asp\Models\src\CustomRoleStore.cs
D:\Project\Mitral\trial-asp\Models\src\CustomSqliteCompiler.cs
D:\Project\Mitral\trial-asp\Models\src\CustomSqlServerCompiler.cs
D:\Project\Mitral\trial-asp\Models\src\CustomUserStore.cs
D:\Project\Mitral\trial-asp\Models\src\DatabaseConnection.cs
D:\Project\Mitral\trial-asp\Models\src\DatabaseConnectionBase.cs
D:\Project\Mitral\trial-asp\Models\src\DateTimeExtension.cs
D:\Project\Mitral\trial-asp\Models\src\DbChart.cs
D:\Project\Mitral\trial-asp\Models\src\DbField.cs
D:\Project\Mitral\trial-asp\Models\src\DbFieldOfT.cs
D:\Project\Mitral\trial-asp\Models\src\DbTable.cs
D:\Project\Mitral\trial-asp\Models\src\DbTableBase.cs
D:\Project\Mitral\trial-asp\Models\src\DotAccessData.cs
D:\Project\Mitral\trial-asp\Models\src\Email.cs
D:\Project\Mitral\trial-asp\Models\src\Enums.cs
D:\Project\Mitral\trial-asp\Models\src\ExcelConfig.cs
D:\Project\Mitral\trial-asp\Models\src\ExportCsv.cs
D:\Project\Mitral\trial-asp\Models\src\ExportEmail.cs
D:\Project\Mitral\trial-asp\Models\src\ExportExcel.cs
D:\Project\Mitral\trial-asp\Models\src\ExportHandler.cs
D:\Project\Mitral\trial-asp\Models\src\ExportHtml.cs
D:\Project\Mitral\trial-asp\Models\src\ExportJson.cs
D:\Project\Mitral\trial-asp\Models\src\ExportPdf.cs
D:\Project\Mitral\trial-asp\Models\src\ExportWord.cs
D:\Project\Mitral\trial-asp\Models\src\ExportXml.cs
D:\Project\Mitral\trial-asp\Models\src\FileViewer.cs
D:\Project\Mitral\trial-asp\Models\src\HtmlToText.cs
D:\Project\Mitral\trial-asp\Models\src\HttpCookies.cs
D:\Project\Mitral\trial-asp\Models\src\HttpDataDictionary.cs
D:\Project\Mitral\trial-asp\Models\src\HttpForm.cs
D:\Project\Mitral\trial-asp\Models\src\HttpSession.cs
D:\Project\Mitral\trial-asp\Models\src\HttpUpload.cs
D:\Project\Mitral\trial-asp\Models\src\IAspNetMakerPage.cs
D:\Project\Mitral\trial-asp\Models\src\ICaptcha.cs
D:\Project\Mitral\trial-asp\Models\src\IChartRenderer.cs
D:\Project\Mitral\trial-asp\Models\src\ICustomCompiler.cs
D:\Project\Mitral\trial-asp\Models\src\IHtmlValue.cs
D:\Project\Mitral\trial-asp\Models\src\InsertGetId.cs
D:\Project\Mitral\trial-asp\Models\src\IQueryFactory.cs
D:\Project\Mitral\trial-asp\Models\src\ITwoFactorAuthentication.cs
D:\Project\Mitral\trial-asp\Models\src\JsonBoolResult.cs
D:\Project\Mitral\trial-asp\Models\src\Lang.cs
D:\Project\Mitral\trial-asp\Models\src\ListAction.cs
D:\Project\Mitral\trial-asp\Models\src\ListActions.cs
D:\Project\Mitral\trial-asp\Models\src\ListOption.cs
D:\Project\Mitral\trial-asp\Models\src\ListOptions.cs
D:\Project\Mitral\trial-asp\Models\src\ListOptionsDictionary.cs
D:\Project\Mitral\trial-asp\Models\src\LoginModel.cs
D:\Project\Mitral\trial-asp\Models\src\Lookup.cs
D:\Project\Mitral\trial-asp\Models\src\Menu.cs
D:\Project\Mitral\trial-asp\Models\src\MenuBase.cs
D:\Project\Mitral\trial-asp\Models\src\MenuItem.cs
D:\Project\Mitral\trial-asp\Models\src\MobileDetect.cs
D:\Project\Mitral\trial-asp\Models\src\NumericPager.cs
D:\Project\Mitral\trial-asp\Models\src\OptionValues.cs
D:\Project\Mitral\trial-asp\Models\src\Pager.cs
D:\Project\Mitral\trial-asp\Models\src\PagerItem.cs
D:\Project\Mitral\trial-asp\Models\src\PdfConfig.cs
D:\Project\Mitral\trial-asp\Models\src\PermissionHandler.cs
D:\Project\Mitral\trial-asp\Models\src\PermissionRequirement.cs
D:\Project\Mitral\trial-asp\Models\src\PrevNextPager.cs
D:\Project\Mitral\trial-asp\Models\src\ReportField.cs
D:\Project\Mitral\trial-asp\Models\src\ReportFieldOfT.cs
D:\Project\Mitral\trial-asp\Models\src\ReportTable.cs
D:\Project\Mitral\trial-asp\Models\src\SessionHandler.cs
D:\Project\Mitral\trial-asp\Models\src\Sms.cs
D:\Project\Mitral\trial-asp\Models\src\StringExtension.cs
D:\Project\Mitral\trial-asp\Models\src\SubPage.cs
D:\Project\Mitral\trial-asp\Models\src\SubPages.cs
D:\Project\Mitral\trial-asp\Models\src\SummaryField.cs
D:\Project\Mitral\trial-asp\Models\src\UploadHandler.cs
D:\Project\Mitral\trial-asp\Models\src\UserLevel.cs
D:\Project\Mitral\trial-asp\Models\src\UserLevelPermission.cs
D:\Project\Mitral\trial-asp\Models\src\UserLevelTablePermission.cs
D:\Project\Mitral\trial-asp\Models\src\UserProfile.cs
D:\Project\Mitral\trial-asp\Models\src\WordConfig.cs
D:\Project\Mitral\trial-asp\Models\src\XmlDoc.cs
D:\Project\Mitral\trial-asp\wwwroot\css\trial_05082023.scss
D:\Project\Mitral\trial-asp\wwwroot\css\tabulator_bootstrap5.scss
D:\Project\Mitral\trial-asp\wwwroot\swagger\index.html
D:\Project\Mitral\trial-asp\Views\Home\Swagger.cshtml
D:\Project\Mitral\trial-asp\Models\GlobalUsings.cs
D:\Project\Mitral\trial-asp\Models\userfn.cs
D:\Project\Mitral\trial-asp\Models\userlevelsettings.cs
D:\Project\Mitral\trial-asp\Views\Shared\_Layout.cshtml
D:\Project\Mitral\trial-asp\Views\Shared\menu.cshtml
D:\Project\Mitral\trial-asp\Models\Config.cs
D:\Project\Mitral\trial-asp\Models\aspnetfn.cs
D:\Project\Mitral\trial-asp\wwwroot\js\userfn.js
D:\Project\Mitral\trial-asp\wwwroot\js\userevent.js
D:\Project\Mitral\trial-asp\Views\Shared\email.cshtml
D:\Project\Mitral\trial-asp\Views\Home\login.cshtml
D:\Project\Mitral\trial-asp\Models\login.cs
D:\Project\Mitral\trial-asp\Models\logout.cs
D:\Project\Mitral\trial-asp\Views\Home\index.cshtml
D:\Project\Mitral\trial-asp\Models\index.cs
D:\Project\Mitral\trial-asp\Controllers\ewcontroller.cs
D:\Project\Mitral\trial-asp\Controllers\apicontroller.cs
D:\Project\Mitral\trial-asp\Views\Shared\Error.cshtml
D:\Project\Mitral\trial-asp\Models\Error.cs
D:\Project\Mitral\trial-asp\appsettings.json
D:\Project\Mitral\trial-asp\appsettings.Development.json
D:\Project\Mitral\trial-asp\Program.cs
D:\Project\Mitral\trial-asp\Properties\launchSettings.json
D:\Project\Mitral\trial-asp\Views\_ViewImports.cshtml
D:\Project\Mitral\trial-asp\Views\_ViewStart.cshtml
D:\Project\Mitral\trial-asp\web.config
D:\Project\Mitral\trial-asp\trial_05082023.csproj
D:\Project\Mitral\trial-asp\wwwroot\js\eweditor.js
D:\Project\Mitral\trial-asp\Models\src\ChartJsRenderer.cs
D:\Project\Mitral\trial-asp\Models\src\ReCaptcha.cs
D:\Project\Mitral\trial-asp\Models\src\PdfConfig.cs
D:\Project\Mitral\trial-asp\Models\src\ExportPdf.cs
D:\Project\Mitral\trial-asp\wwwroot\css\ewpdf.scss
D:\Project\Mitral\trial-asp\Models\src\HtmlToPdfBuilder.cs
D:\Project\Mitral\trial-asp\Models\src\WordConfig.cs
D:\Project\Mitral\trial-asp\Models\src\ExportWord.cs
D:\Project\Mitral\trial-asp\Models\filemanagercfg.cs
D:\Project\Mitral\trial-asp\Controllers\FilemanagerController.cs
D:\Project\Mitral\trial-asp\Models\src\ExcelConfig.cs
D:\Project\Mitral\trial-asp\Models\src\ExportExcel.cs