2023-08-05T13:34:52.3516632+07:00  [DBG] Hosting starting (32b26330)
2023-08-05T13:34:52.5225752+07:00  [INF] Now listening on: "http://localhost:5000" (d826f4b8)
2023-08-05T13:34:52.5229767+07:00  [INF] Application started. Press Ctrl+C to shut down. (dcaefe54)
2023-08-05T13:34:52.5231315+07:00  [INF] Hosting environment: "Development" (c3307c92)
2023-08-05T13:34:52.5231774+07:00  [INF] Content root path: "D:\Project\Mitral\trial-asp\" (b5d60022)
2023-08-05T13:34:52.5232212+07:00  [DBG] Hosting started (e6def423)
2023-08-05T13:34:53.1152446+07:00 0HMSLFO9NJ45U:00000002 [INF] Checking for conditional GET/HEAD. (7e2efcb6)
2023-08-05T13:34:53.1248511+07:00 0HMSLFO9NJ45U:00000002 [INF] Not valid - no If-None-Match or If-Modified-Since headers. (00e43d04)
2023-08-05T13:34:53.1249437+07:00 0HMSLFO9NJ45U:00000002 [INF] Don't generate 304 - Not Modified.  Continue. (b6a7d473)
2023-08-05T13:34:53.1277251+07:00 0HMSLFO9NJ45U:00000002 [INF] Checking for conditional PUT/PATCH. (bf3cf9be)
2023-08-05T13:34:53.1281424+07:00 0HMSLFO9NJ45U:00000002 [INF] Not valid - method isn't PUT or PATCH. (671cb4f2)
2023-08-05T13:34:53.1282402+07:00 0HMSLFO9NJ45U:00000002 [INF] Don't generate 412 - Precondition Failed.  Continue. (08bc4a18)
2023-08-05T13:34:53.8945963+07:00 0HMSLFO9NJ45U:00000002 [INF] Generating expiration headers. (97875003)
2023-08-05T13:34:53.8965793+07:00 0HMSLFO9NJ45U:00000002 [INF] Expiration headers generated. Expires: Sat, 05 Aug 2023 06:34:53 GMT. Cache-Control: private,max-age=0,no-store,no-cache,must-revalidate. (63715583)
2023-08-05T13:34:53.9027403+07:00 0HMSLFO9NJ45U:00000002 [INF] Not generating Validation headers as the response status code does not indicate success. (2130aaa7)
2023-08-05T13:34:53.9036578+07:00 0HMSLFO9NJ45U:00000002 [INF] Generating Vary header. (c1174e38)
2023-08-05T13:34:53.9039374+07:00 0HMSLFO9NJ45U:00000002 [INF] Vary header generated: Accept, Accept-Language, Accept-Encoding. (e081213a)
2023-08-05T13:34:53.9353304+07:00 0HMSLFO9NJ45U:00000003 [INF] Checking for conditional GET/HEAD. (7e2efcb6)
2023-08-05T13:34:53.9355943+07:00 0HMSLFO9NJ45U:00000003 [INF] Not valid - no If-None-Match or If-Modified-Since headers. (00e43d04)
2023-08-05T13:34:53.9356271+07:00 0HMSLFO9NJ45U:00000003 [INF] Don't generate 304 - Not Modified.  Continue. (b6a7d473)
2023-08-05T13:34:53.9356523+07:00 0HMSLFO9NJ45U:00000003 [INF] Checking for conditional PUT/PATCH. (bf3cf9be)
2023-08-05T13:34:53.9357054+07:00 0HMSLFO9NJ45U:00000003 [INF] Not valid - method isn't PUT or PATCH. (671cb4f2)
2023-08-05T13:34:53.9357475+07:00 0HMSLFO9NJ45U:00000003 [INF] Don't generate 412 - Precondition Failed.  Continue. (08bc4a18)
2023-08-05T13:35:15.1170745+07:00 0HMSLFO9NJ45U:00000003 [INF] Generating expiration headers. (97875003)
2023-08-05T13:35:15.1175007+07:00 0HMSLFO9NJ45U:00000003 [INF] Expiration headers generated. Expires: Sat, 05 Aug 2023 06:35:15 GMT. Cache-Control: private,max-age=0,no-store,no-cache,must-revalidate. (c63fc6b9)
2023-08-05T13:35:15.1176045+07:00 0HMSLFO9NJ45U:00000003 [INF] Generating Validation headers. (20c08f55)
2023-08-05T13:35:15.1258452+07:00 0HMSLFO9NJ45U:00000003 [INF] Validation headers generated. ETag: Strong, "E45C808455E213B22B062ACF920BE3A7". Last-Modified: Sat, 05 Aug 2023 06:35:15 GMT (e1bb76b4)
2023-08-05T13:35:15.1258914+07:00 0HMSLFO9NJ45U:00000003 [INF] Generating Vary header. (c1174e38)
2023-08-05T13:35:15.1259287+07:00 0HMSLFO9NJ45U:00000003 [INF] Vary header generated: Accept, Accept-Language, Accept-Encoding. (e081213a)
2023-08-05T13:37:28.9069214+07:00 0HMSLFO9NJ461:00000002 [INF] Checking for conditional GET/HEAD. (7e2efcb6)
2023-08-05T13:37:28.9073390+07:00 0HMSLFO9NJ461:00000002 [INF] Not valid - no If-None-Match or If-Modified-Since headers. (00e43d04)
2023-08-05T13:37:28.9073886+07:00 0HMSLFO9NJ461:00000002 [INF] Don't generate 304 - Not Modified.  Continue. (b6a7d473)
2023-08-05T13:37:28.9074938+07:00 0HMSLFO9NJ461:00000002 [INF] Checking for conditional PUT/PATCH. (bf3cf9be)
2023-08-05T13:37:28.9075246+07:00 0HMSLFO9NJ461:00000002 [INF] Not valid - method isn't PUT or PATCH. (671cb4f2)
2023-08-05T13:37:28.9075385+07:00 0HMSLFO9NJ461:00000002 [INF] Don't generate 412 - Precondition Failed.  Continue. (08bc4a18)
2023-08-05T13:37:29.5926403+07:00 0HMSLFO9NJ461:00000002 [INF] Generating expiration headers. (97875003)
2023-08-05T13:37:29.6038502+07:00 0HMSLFO9NJ461:00000002 [INF] Expiration headers generated. Expires: Sat, 05 Aug 2023 06:37:29 GMT. Cache-Control: private,max-age=0,no-store,no-cache,must-revalidate. (7e96243b)
2023-08-05T13:37:29.6040429+07:00 0HMSLFO9NJ461:00000002 [INF] Generating Validation headers. (20c08f55)
2023-08-05T13:37:29.6062965+07:00 0HMSLFO9NJ461:00000002 [INF] Validation headers generated. ETag: Strong, "9AE341EC07D97E24EF24FA8D62FC6470". Last-Modified: Sat, 05 Aug 2023 06:37:29 GMT (8d8dbdee)
2023-08-05T13:37:29.6063763+07:00 0HMSLFO9NJ461:00000002 [INF] Generating Vary header. (c1174e38)
2023-08-05T13:37:29.6064062+07:00 0HMSLFO9NJ461:00000002 [INF] Vary header generated: Accept, Accept-Language, Accept-Encoding. (e081213a)
2023-08-05T13:37:32.4391235+07:00 0HMSLFO9NJ463:00000006 [INF] Checking for conditional GET/HEAD. (7e2efcb6)
2023-08-05T13:37:32.4392375+07:00 0HMSLFO9NJ463:00000006 [INF] Not valid - no If-None-Match or If-Modified-Since headers. (00e43d04)
2023-08-05T13:37:32.4393014+07:00 0HMSLFO9NJ463:00000006 [INF] Don't generate 304 - Not Modified.  Continue. (b6a7d473)
2023-08-05T13:37:32.4393337+07:00 0HMSLFO9NJ463:00000006 [INF] Checking for conditional PUT/PATCH. (bf3cf9be)
2023-08-05T13:37:32.4393580+07:00 0HMSLFO9NJ463:00000006 [INF] Not valid - method isn't PUT or PATCH. (671cb4f2)
2023-08-05T13:37:32.4394217+07:00 0HMSLFO9NJ463:00000006 [INF] Don't generate 412 - Precondition Failed.  Continue. (08bc4a18)
2023-08-05T13:37:33.3776250+07:00 0HMSLFO9NJ463:00000006 [INF] Generating expiration headers. (97875003)
2023-08-05T13:37:33.3777526+07:00 0HMSLFO9NJ463:00000006 [INF] Expiration headers generated. Expires: Sat, 05 Aug 2023 06:37:33 GMT. Cache-Control: private,max-age=0,no-store,no-cache,must-revalidate. (88fb5b96)
2023-08-05T13:37:33.3778015+07:00 0HMSLFO9NJ463:00000006 [INF] Generating Validation headers. (20c08f55)
2023-08-05T13:37:33.3787138+07:00 0HMSLFO9NJ463:00000006 [INF] Validation headers generated. ETag: Strong, "31BDF2A00F382B8A628098CC9D393F84". Last-Modified: Sat, 05 Aug 2023 06:37:33 GMT (aca9b1d0)
2023-08-05T13:37:33.3787572+07:00 0HMSLFO9NJ463:00000006 [INF] Generating Vary header. (c1174e38)
2023-08-05T13:37:33.3788887+07:00 0HMSLFO9NJ463:00000006 [INF] Vary header generated: Accept, Accept-Language, Accept-Encoding. (e081213a)
2023-08-05T13:37:36.3790742+07:00 0HMSLFO9NJ463:00000008 [INF] Checking for conditional GET/HEAD. (7e2efcb6)
2023-08-05T13:37:36.3791278+07:00 0HMSLFO9NJ463:00000008 [INF] Not valid - no If-None-Match or If-Modified-Since headers. (00e43d04)
2023-08-05T13:37:36.3791406+07:00 0HMSLFO9NJ463:00000008 [INF] Don't generate 304 - Not Modified.  Continue. (b6a7d473)
2023-08-05T13:37:36.3792473+07:00 0HMSLFO9NJ463:00000008 [INF] Checking for conditional PUT/PATCH. (bf3cf9be)
2023-08-05T13:37:36.3797798+07:00 0HMSLFO9NJ463:00000008 [INF] Not valid - method isn't PUT or PATCH. (671cb4f2)
2023-08-05T13:37:36.3798000+07:00 0HMSLFO9NJ463:00000008 [INF] Don't generate 412 - Precondition Failed.  Continue. (08bc4a18)
2023-08-05T13:37:36.5933406+07:00 0HMSLFO9NJ463:00000008 [INF] Generating expiration headers. (97875003)
2023-08-05T13:37:36.5934265+07:00 0HMSLFO9NJ463:00000008 [INF] Expiration headers generated. Expires: Sat, 05 Aug 2023 06:37:36 GMT. Cache-Control: private,max-age=0,no-store,no-cache,must-revalidate. (7e130de7)
2023-08-05T13:37:36.5934489+07:00 0HMSLFO9NJ463:00000008 [INF] Generating Validation headers. (20c08f55)
2023-08-05T13:37:36.5940539+07:00 0HMSLFO9NJ463:00000008 [INF] Validation headers generated. ETag: Strong, "00071E1FEA80C68ADB66EE2D152BB568". Last-Modified: Sat, 05 Aug 2023 06:37:36 GMT (a0289855)
2023-08-05T13:37:36.5940967+07:00 0HMSLFO9NJ463:00000008 [INF] Generating Vary header. (c1174e38)
2023-08-05T13:37:36.5941165+07:00 0HMSLFO9NJ463:00000008 [INF] Vary header generated: Accept, Accept-Language, Accept-Encoding. (e081213a)
2023-08-05T13:37:38.0823247+07:00 0HMSLFO9NJ463:0000000A [INF] Checking for conditional GET/HEAD. (7e2efcb6)
2023-08-05T13:37:38.0824887+07:00 0HMSLFO9NJ463:0000000A [INF] Not valid - no If-None-Match or If-Modified-Since headers. (00e43d04)
2023-08-05T13:37:38.0825067+07:00 0HMSLFO9NJ463:0000000A [INF] Don't generate 304 - Not Modified.  Continue. (b6a7d473)
2023-08-05T13:37:38.0825203+07:00 0HMSLFO9NJ463:0000000A [INF] Checking for conditional PUT/PATCH. (bf3cf9be)
2023-08-05T13:37:38.0825368+07:00 0HMSLFO9NJ463:0000000A [INF] Not valid - method isn't PUT or PATCH. (671cb4f2)
2023-08-05T13:37:38.0825488+07:00 0HMSLFO9NJ463:0000000A [INF] Don't generate 412 - Precondition Failed.  Continue. (08bc4a18)
2023-08-05T13:37:38.2700647+07:00 0HMSLFO9NJ463:0000000A [INF] Generating expiration headers. (97875003)
2023-08-05T13:37:38.2701506+07:00 0HMSLFO9NJ463:0000000A [INF] Expiration headers generated. Expires: Sat, 05 Aug 2023 06:37:38 GMT. Cache-Control: private,max-age=0,no-store,no-cache,must-revalidate. (260c3781)
2023-08-05T13:37:38.2701726+07:00 0HMSLFO9NJ463:0000000A [INF] Generating Validation headers. (20c08f55)
2023-08-05T13:37:38.2708430+07:00 0HMSLFO9NJ463:0000000A [INF] Validation headers generated. ETag: Strong, "40B56DD6119F79C81804B8D8A6FD18B7". Last-Modified: Sat, 05 Aug 2023 06:37:38 GMT (19cd26f9)
2023-08-05T13:37:38.2709142+07:00 0HMSLFO9NJ463:0000000A [INF] Generating Vary header. (c1174e38)
2023-08-05T13:37:38.2709389+07:00 0HMSLFO9NJ463:0000000A [INF] Vary header generated: Accept, Accept-Language, Accept-Encoding. (e081213a)
2023-08-05T13:37:52.1102787+07:00 0HMSLFO9NJ463:0000000C [INF] Checking for conditional GET/HEAD. (7e2efcb6)
2023-08-05T13:37:52.1103447+07:00 0HMSLFO9NJ463:0000000C [INF] Not valid - no If-None-Match or If-Modified-Since headers. (00e43d04)
2023-08-05T13:37:52.1103621+07:00 0HMSLFO9NJ463:0000000C [INF] Don't generate 304 - Not Modified.  Continue. (b6a7d473)
2023-08-05T13:37:52.1103753+07:00 0HMSLFO9NJ463:0000000C [INF] Checking for conditional PUT/PATCH. (bf3cf9be)
2023-08-05T13:37:52.1103920+07:00 0HMSLFO9NJ463:0000000C [INF] Not valid - method isn't PUT or PATCH. (671cb4f2)
2023-08-05T13:37:52.1104152+07:00 0HMSLFO9NJ463:0000000C [INF] Don't generate 412 - Precondition Failed.  Continue. (08bc4a18)
2023-08-05T13:37:52.5554412+07:00 0HMSLFO9NJ463:0000000C [INF] Generating expiration headers. (97875003)
2023-08-05T13:37:52.5555349+07:00 0HMSLFO9NJ463:0000000C [INF] Expiration headers generated. Expires: Sat, 05 Aug 2023 06:37:52 GMT. Cache-Control: private,max-age=0,no-store,no-cache,must-revalidate. (4bfa330b)
2023-08-05T13:37:52.5555568+07:00 0HMSLFO9NJ463:0000000C [INF] Generating Validation headers. (20c08f55)
2023-08-05T13:37:52.5564680+07:00 0HMSLFO9NJ463:0000000C [INF] Validation headers generated. ETag: Strong, "C0759EB622F3A60CD40021B2BA064575". Last-Modified: Sat, 05 Aug 2023 06:37:52 GMT (4648c792)
2023-08-05T13:37:52.5565140+07:00 0HMSLFO9NJ463:0000000C [INF] Generating Vary header. (c1174e38)
2023-08-05T13:37:52.5565363+07:00 0HMSLFO9NJ463:0000000C [INF] Vary header generated: Accept, Accept-Language, Accept-Encoding. (e081213a)
2023-08-05T13:37:56.3138284+07:00 0HMSLFO9NJ461:00000008 [INF] Checking for conditional GET/HEAD. (7e2efcb6)
2023-08-05T13:37:56.3138855+07:00 0HMSLFO9NJ461:00000008 [INF] Not valid - no If-None-Match or If-Modified-Since headers. (00e43d04)
2023-08-05T13:37:56.3139055+07:00 0HMSLFO9NJ461:00000008 [INF] Don't generate 304 - Not Modified.  Continue. (b6a7d473)
2023-08-05T13:37:56.3139204+07:00 0HMSLFO9NJ461:00000008 [INF] Checking for conditional PUT/PATCH. (bf3cf9be)
2023-08-05T13:37:56.3139334+07:00 0HMSLFO9NJ461:00000008 [INF] Not valid - method isn't PUT or PATCH. (671cb4f2)
2023-08-05T13:37:56.3139463+07:00 0HMSLFO9NJ461:00000008 [INF] Don't generate 412 - Precondition Failed.  Continue. (08bc4a18)
2023-08-05T13:37:56.9231634+07:00 0HMSLFO9NJ461:00000008 [INF] Generating expiration headers. (97875003)
2023-08-05T13:37:56.9232594+07:00 0HMSLFO9NJ461:00000008 [INF] Expiration headers generated. Expires: Sat, 05 Aug 2023 06:37:56 GMT. Cache-Control: private,max-age=0,no-store,no-cache,must-revalidate. (932505b4)
2023-08-05T13:37:56.9232822+07:00 0HMSLFO9NJ461:00000008 [INF] Generating Validation headers. (20c08f55)
2023-08-05T13:37:56.9238038+07:00 0HMSLFO9NJ461:00000008 [INF] Validation headers generated. ETag: Strong, "21ED036CDA7246D0D2CD72B1C443DED8". Last-Modified: Sat, 05 Aug 2023 06:37:56 GMT (84061de3)
2023-08-05T13:37:56.9238463+07:00 0HMSLFO9NJ461:00000008 [INF] Generating Vary header. (c1174e38)
2023-08-05T13:37:56.9238753+07:00 0HMSLFO9NJ461:00000008 [INF] Vary header generated: Accept, Accept-Language, Accept-Encoding. (e081213a)
2023-08-05T13:37:59.8549955+07:00 0HMSLFO9NJ461:0000000A [INF] Checking for conditional GET/HEAD. (7e2efcb6)
2023-08-05T13:37:59.8550719+07:00 0HMSLFO9NJ461:0000000A [INF] Not valid - method isn't GET or HEAD. (0be1d475)
2023-08-05T13:37:59.8550910+07:00 0HMSLFO9NJ461:0000000A [INF] Don't generate 304 - Not Modified.  Continue. (b6a7d473)
2023-08-05T13:37:59.8551077+07:00 0HMSLFO9NJ461:0000000A [INF] Checking for conditional PUT/PATCH. (bf3cf9be)
2023-08-05T13:37:59.8551228+07:00 0HMSLFO9NJ461:0000000A [INF] Not valid - method isn't PUT or PATCH. (671cb4f2)
2023-08-05T13:37:59.8551373+07:00 0HMSLFO9NJ461:0000000A [INF] Don't generate 412 - Precondition Failed.  Continue. (08bc4a18)
2023-08-05T13:38:00.0231356+07:00 0HMSLFO9NJ461:0000000A [DBG] DELETE FROM "mt_task" WHERE "id" = 2 (ade8db2c)
2023-08-05T13:38:00.1675234+07:00 0HMSLFO9NJ461:0000000A [ERR] An unhandled exception has occurred while executing the request. (48a46595)
System.ArgumentException: Must specify valid information for parsing in the string. (Parameter 'value')
   at System.Enum.TryParse[TEnum](ReadOnlySpan`1 value, Boolean ignoreCase, Boolean throwOnFailure, TEnum& result)
   at System.Enum.TryParse[TEnum](String value, Boolean ignoreCase, Boolean throwOnFailure, TEnum& result)
   at System.Enum.Parse[TEnum](String value, Boolean ignoreCase)
   at System.Enum.Parse[TEnum](String value)
   at ASPNETMaker2023.Models.trial_05082023.Email..ctor() in D:\Project\Mitral\trial-asp\Models\src\Email.cs:line 10
   at ASPNETMaker2023.Models.trial_05082023.MtTaskDeleteBase.DeleteRows() in D:\Project\Mitral\trial-asp\Models\MtTaskDelete.cs:line 723
   at ASPNETMaker2023.Models.trial_05082023.MtTaskDeleteBase.Run() in D:\Project\Mitral\trial-asp\Models\MtTaskDelete.cs:line 441
   at ASPNETMaker2023.Controllers.HomeController.MtTaskDelete() in D:\Project\Mitral\trial-asp\Controllers\MtTaskController.cs:line 68
   at Microsoft.AspNetCore.Mvc.Infrastructure.ActionMethodExecutor.TaskOfIActionResultExecutor.Execute(IActionResultTypeMapper mapper, ObjectMethodExecutor executor, Object controller, Object[] arguments)
   at Microsoft.AspNetCore.Mvc.Infrastructure.ControllerActionInvoker.<InvokeActionMethodAsync>g__Awaited|12_0(ControllerActionInvoker invoker, ValueTask`1 actionResultValueTask)
   at Microsoft.AspNetCore.Mvc.Infrastructure.ControllerActionInvoker.<InvokeNextActionFilterAsync>g__Awaited|10_0(ControllerActionInvoker invoker, Task lastTask, State next, Scope scope, Object state, Boolean isCompleted)
   at Microsoft.AspNetCore.Mvc.Infrastructure.ControllerActionInvoker.Rethrow(ActionExecutedContextSealed context)
   at Microsoft.AspNetCore.Mvc.Infrastructure.ControllerActionInvoker.Next(State& next, Scope& scope, Object& state, Boolean& isCompleted)
   at Microsoft.AspNetCore.Mvc.Infrastructure.ControllerActionInvoker.<InvokeInnerFilterAsync>g__Awaited|13_0(ControllerActionInvoker invoker, Task lastTask, State next, Scope scope, Object state, Boolean isCompleted)
   at Microsoft.AspNetCore.Mvc.Infrastructure.ResourceInvoker.<InvokeNextResourceFilter>g__Awaited|25_0(ResourceInvoker invoker, Task lastTask, State next, Scope scope, Object state, Boolean isCompleted)
   at Microsoft.AspNetCore.Mvc.Infrastructure.ResourceInvoker.Rethrow(ResourceExecutedContextSealed context)
   at Microsoft.AspNetCore.Mvc.Infrastructure.ResourceInvoker.Next(State& next, Scope& scope, Object& state, Boolean& isCompleted)
   at Microsoft.AspNetCore.Mvc.Infrastructure.ResourceInvoker.<InvokeFilterPipelineAsync>g__Awaited|20_0(ResourceInvoker invoker, Task lastTask, State next, Scope scope, Object state, Boolean isCompleted)
   at Microsoft.AspNetCore.Mvc.Infrastructure.ResourceInvoker.<InvokeAsync>g__Awaited|17_0(ResourceInvoker invoker, Task task, IDisposable scope)
   at Microsoft.AspNetCore.Mvc.Infrastructure.ResourceInvoker.<InvokeAsync>g__Awaited|17_0(ResourceInvoker invoker, Task task, IDisposable scope)
   at Microsoft.AspNetCore.Routing.EndpointMiddleware.<Invoke>g__AwaitRequestTask|6_0(Endpoint endpoint, Task requestTask, ILogger logger)
   at Microsoft.AspNetCore.Authorization.AuthorizationMiddleware.Invoke(HttpContext context)
   at Microsoft.AspNetCore.Authentication.AuthenticationMiddleware.Invoke(HttpContext context)
   at Microsoft.AspNetCore.Session.SessionMiddleware.Invoke(HttpContext context)
   at Microsoft.AspNetCore.Session.SessionMiddleware.Invoke(HttpContext context)
   at Marvin.Cache.Headers.HttpCacheHeadersMiddleware.HandleResponse(HttpContext httpContext)
   at Marvin.Cache.Headers.HttpCacheHeadersMiddleware.Invoke(HttpContext httpContext, IValidatorValueInvalidator validatorValueInvalidator)
   at Microsoft.AspNetCore.Localization.RequestLocalizationMiddleware.Invoke(HttpContext context)
   at Microsoft.AspNetCore.Diagnostics.DeveloperExceptionPageMiddleware.Invoke(HttpContext context)
2023-08-05T13:38:20.8246014+07:00 0HMSLFO9NJ461:0000000C [INF] Checking for conditional GET/HEAD. (7e2efcb6)
2023-08-05T13:38:20.8246515+07:00 0HMSLFO9NJ461:0000000C [INF] Not valid - method isn't GET or HEAD. (0be1d475)
2023-08-05T13:38:20.8246687+07:00 0HMSLFO9NJ461:0000000C [INF] Don't generate 304 - Not Modified.  Continue. (b6a7d473)
2023-08-05T13:38:20.8246839+07:00 0HMSLFO9NJ461:0000000C [INF] Checking for conditional PUT/PATCH. (bf3cf9be)
2023-08-05T13:38:20.8246966+07:00 0HMSLFO9NJ461:0000000C [INF] Not valid - method isn't PUT or PATCH. (671cb4f2)
2023-08-05T13:38:20.8247326+07:00 0HMSLFO9NJ461:0000000C [INF] Don't generate 412 - Precondition Failed.  Continue. (08bc4a18)
2023-08-05T13:38:21.1919287+07:00 0HMSLFO9NJ461:0000000C [INF] Generating expiration headers. (97875003)
2023-08-05T13:38:21.1920332+07:00 0HMSLFO9NJ461:0000000C [INF] Expiration headers generated. Expires: Sat, 05 Aug 2023 06:38:21 GMT. Cache-Control: private,max-age=0,no-store,no-cache,must-revalidate. (8b4cd5c4)
2023-08-05T13:38:21.1920530+07:00 0HMSLFO9NJ461:0000000C [INF] Not generating Validation headers as the response status code does not indicate success. (2130aaa7)
2023-08-05T13:38:21.1920657+07:00 0HMSLFO9NJ461:0000000C [INF] Generating Vary header. (c1174e38)
2023-08-05T13:38:21.1920809+07:00 0HMSLFO9NJ461:0000000C [INF] Vary header generated: Accept, Accept-Language, Accept-Encoding. (e081213a)
2023-08-05T13:38:21.2010158+07:00 0HMSLFO9NJ461:0000000D [INF] Checking for conditional GET/HEAD. (7e2efcb6)
2023-08-05T13:38:21.2010963+07:00 0HMSLFO9NJ461:0000000D [INF] Not valid - no If-None-Match or If-Modified-Since headers. (00e43d04)
2023-08-05T13:38:21.2011110+07:00 0HMSLFO9NJ461:0000000D [INF] Don't generate 304 - Not Modified.  Continue. (b6a7d473)
2023-08-05T13:38:21.2011240+07:00 0HMSLFO9NJ461:0000000D [INF] Checking for conditional PUT/PATCH. (bf3cf9be)
2023-08-05T13:38:21.2011366+07:00 0HMSLFO9NJ461:0000000D [INF] Not valid - method isn't PUT or PATCH. (671cb4f2)
2023-08-05T13:38:21.2011528+07:00 0HMSLFO9NJ461:0000000D [INF] Don't generate 412 - Precondition Failed.  Continue. (08bc4a18)
2023-08-05T13:38:21.3742161+07:00 0HMSLFO9NJ461:0000000D [INF] Generating expiration headers. (97875003)
2023-08-05T13:38:21.3742906+07:00 0HMSLFO9NJ461:0000000D [INF] Expiration headers generated. Expires: Sat, 05 Aug 2023 06:38:21 GMT. Cache-Control: private,max-age=0,no-store,no-cache,must-revalidate. (8b4cd5c4)
2023-08-05T13:38:21.3743137+07:00 0HMSLFO9NJ461:0000000D [INF] Generating Validation headers. (20c08f55)
2023-08-05T13:38:21.3749120+07:00 0HMSLFO9NJ461:0000000D [INF] Validation headers generated. ETag: Strong, "190A64F90E92E168E9126A98237B5BF4". Last-Modified: Sat, 05 Aug 2023 06:38:21 GMT (0a2ed953)
2023-08-05T13:38:21.3749467+07:00 0HMSLFO9NJ461:0000000D [INF] Generating Vary header. (c1174e38)
2023-08-05T13:38:21.3749674+07:00 0HMSLFO9NJ461:0000000D [INF] Vary header generated: Accept, Accept-Language, Accept-Encoding. (e081213a)
2023-08-05T13:38:29.4283775+07:00 0HMSLFO9NJ463:00000012 [INF] Checking for conditional GET/HEAD. (7e2efcb6)
2023-08-05T13:38:29.4284373+07:00 0HMSLFO9NJ463:00000012 [INF] Not valid - no If-None-Match or If-Modified-Since headers. (00e43d04)
2023-08-05T13:38:29.4284580+07:00 0HMSLFO9NJ463:00000012 [INF] Don't generate 304 - Not Modified.  Continue. (b6a7d473)
2023-08-05T13:38:29.4284748+07:00 0HMSLFO9NJ463:00000012 [INF] Checking for conditional PUT/PATCH. (bf3cf9be)
2023-08-05T13:38:29.4284953+07:00 0HMSLFO9NJ463:00000012 [INF] Not valid - method isn't PUT or PATCH. (671cb4f2)
2023-08-05T13:38:29.4285102+07:00 0HMSLFO9NJ463:00000012 [INF] Don't generate 412 - Precondition Failed.  Continue. (08bc4a18)
2023-08-05T13:38:29.7791043+07:00 0HMSLFO9NJ463:00000012 [INF] Generating expiration headers. (97875003)
2023-08-05T13:38:29.7791995+07:00 0HMSLFO9NJ463:00000012 [INF] Expiration headers generated. Expires: Sat, 05 Aug 2023 06:38:29 GMT. Cache-Control: private,max-age=0,no-store,no-cache,must-revalidate. (5974e74e)
2023-08-05T13:38:29.7792218+07:00 0HMSLFO9NJ463:00000012 [INF] Generating Validation headers. (20c08f55)
2023-08-05T13:38:29.7798109+07:00 0HMSLFO9NJ463:00000012 [INF] Validation headers generated. ETag: Strong, "C0FC22A669E0461256BC38C1B82E0644". Last-Modified: Sat, 05 Aug 2023 06:38:29 GMT (debd28ed)
2023-08-05T13:38:29.7798687+07:00 0HMSLFO9NJ463:00000012 [INF] Generating Vary header. (c1174e38)
2023-08-05T13:38:29.7798981+07:00 0HMSLFO9NJ463:00000012 [INF] Vary header generated: Accept, Accept-Language, Accept-Encoding. (e081213a)
2023-08-05T13:38:33.7104854+07:00 0HMSLFO9NJ463:00000014 [INF] Checking for conditional GET/HEAD. (7e2efcb6)
2023-08-05T13:38:33.7105559+07:00 0HMSLFO9NJ463:00000014 [INF] Not valid - no If-None-Match or If-Modified-Since headers. (00e43d04)
2023-08-05T13:38:33.7105745+07:00 0HMSLFO9NJ463:00000014 [INF] Don't generate 304 - Not Modified.  Continue. (b6a7d473)
2023-08-05T13:38:33.7105910+07:00 0HMSLFO9NJ463:00000014 [INF] Checking for conditional PUT/PATCH. (bf3cf9be)
2023-08-05T13:38:33.7106070+07:00 0HMSLFO9NJ463:00000014 [INF] Not valid - method isn't PUT or PATCH. (671cb4f2)
2023-08-05T13:38:33.7106477+07:00 0HMSLFO9NJ463:00000014 [INF] Don't generate 412 - Precondition Failed.  Continue. (08bc4a18)
2023-08-05T13:38:34.4185943+07:00 0HMSLFO9NJ463:00000014 [INF] Generating expiration headers. (97875003)
2023-08-05T13:38:34.4187237+07:00 0HMSLFO9NJ463:00000014 [INF] Expiration headers generated. Expires: Sat, 05 Aug 2023 06:38:34 GMT. Cache-Control: private,max-age=0,no-store,no-cache,must-revalidate. (aa246c7f)
2023-08-05T13:38:34.4187906+07:00 0HMSLFO9NJ463:00000014 [INF] Generating Validation headers. (20c08f55)
2023-08-05T13:38:34.4191944+07:00 0HMSLFO9NJ463:00000014 [INF] Validation headers generated. ETag: Strong, "622CC02646D3231015656479CFBA3D2B". Last-Modified: Sat, 05 Aug 2023 06:38:34 GMT (adb2c281)
2023-08-05T13:38:34.4192196+07:00 0HMSLFO9NJ463:00000014 [INF] Generating Vary header. (c1174e38)
2023-08-05T13:38:34.4192327+07:00 0HMSLFO9NJ463:00000014 [INF] Vary header generated: Accept, Accept-Language, Accept-Encoding. (e081213a)
2023-08-05T13:38:40.4339076+07:00 0HMSLFO9NJ463:00000015 [INF] Checking for conditional GET/HEAD. (7e2efcb6)
2023-08-05T13:38:40.4341322+07:00 0HMSLFO9NJ463:00000015 [INF] Not valid - no If-None-Match or If-Modified-Since headers. (00e43d04)
2023-08-05T13:38:40.4341760+07:00 0HMSLFO9NJ463:00000015 [INF] Don't generate 304 - Not Modified.  Continue. (b6a7d473)
2023-08-05T13:38:40.4342111+07:00 0HMSLFO9NJ463:00000015 [INF] Checking for conditional PUT/PATCH. (bf3cf9be)
2023-08-05T13:38:40.4342293+07:00 0HMSLFO9NJ463:00000015 [INF] Not valid - method isn't PUT or PATCH. (671cb4f2)
2023-08-05T13:38:40.4342456+07:00 0HMSLFO9NJ463:00000015 [INF] Don't generate 412 - Precondition Failed.  Continue. (08bc4a18)
2023-08-05T13:38:40.6425234+07:00 0HMSLFO9NJ463:00000015 [INF] Generating expiration headers. (97875003)
2023-08-05T13:38:40.6426070+07:00 0HMSLFO9NJ463:00000015 [INF] Expiration headers generated. Expires: Sat, 05 Aug 2023 06:38:40 GMT. Cache-Control: private,max-age=0,no-store,no-cache,must-revalidate. (2c095e07)
2023-08-05T13:38:40.6426280+07:00 0HMSLFO9NJ463:00000015 [INF] Generating Validation headers. (20c08f55)
2023-08-05T13:38:40.6430202+07:00 0HMSLFO9NJ463:00000015 [INF] Validation headers generated. ETag: Strong, "F2BA919C13A29BB1AE038C7310C073D0". Last-Modified: Sat, 05 Aug 2023 06:38:40 GMT (938e9cf8)
2023-08-05T13:38:40.6430523+07:00 0HMSLFO9NJ463:00000015 [INF] Generating Vary header. (c1174e38)
2023-08-05T13:38:40.6430701+07:00 0HMSLFO9NJ463:00000015 [INF] Vary header generated: Accept, Accept-Language, Accept-Encoding. (e081213a)
2023-08-05T13:38:43.3282829+07:00 0HMSLFO9NJ463:00000017 [INF] Checking for conditional GET/HEAD. (7e2efcb6)
2023-08-05T13:38:43.3284017+07:00 0HMSLFO9NJ463:00000017 [INF] Not valid - no If-None-Match or If-Modified-Since headers. (00e43d04)
2023-08-05T13:38:43.3284222+07:00 0HMSLFO9NJ463:00000017 [INF] Don't generate 304 - Not Modified.  Continue. (b6a7d473)
2023-08-05T13:38:43.3284370+07:00 0HMSLFO9NJ463:00000017 [INF] Checking for conditional PUT/PATCH. (bf3cf9be)
2023-08-05T13:38:43.3284520+07:00 0HMSLFO9NJ463:00000017 [INF] Not valid - method isn't PUT or PATCH. (671cb4f2)
2023-08-05T13:38:43.3284716+07:00 0HMSLFO9NJ463:00000017 [INF] Don't generate 412 - Precondition Failed.  Continue. (08bc4a18)
2023-08-05T13:38:43.5043206+07:00 0HMSLFO9NJ463:00000017 [INF] Generating expiration headers. (97875003)
2023-08-05T13:38:43.5044098+07:00 0HMSLFO9NJ463:00000017 [INF] Expiration headers generated. Expires: Sat, 05 Aug 2023 06:38:43 GMT. Cache-Control: private,max-age=0,no-store,no-cache,must-revalidate. (2b1ba93e)
2023-08-05T13:38:43.5044385+07:00 0HMSLFO9NJ463:00000017 [INF] Generating Validation headers. (20c08f55)
2023-08-05T13:38:43.5133434+07:00 0HMSLFO9NJ463:00000017 [INF] Validation headers generated. ETag: Strong, "141ADF860B1F37E0CB292F6294192BAC". Last-Modified: Sat, 05 Aug 2023 06:38:43 GMT (bffb738e)
2023-08-05T13:38:43.5133792+07:00 0HMSLFO9NJ463:00000017 [INF] Generating Vary header. (c1174e38)
2023-08-05T13:38:43.5133961+07:00 0HMSLFO9NJ463:00000017 [INF] Vary header generated: Accept, Accept-Language, Accept-Encoding. (e081213a)
